(truthbrush-py3.10) eyamrog@Rog-ASUS:~/work/truthbrush/cl_st1_renata$ ll
total 16
drwxr-xr-x 2 eyamrog eyamrog 4096 Jun  9 16:50 ./
drwxr-xr-x 8 eyamrog eyamrog 4096 Jun  9 16:41 ../
-rw-r--r-- 1 eyamrog eyamrog 5202 Jun  9 16:49 truthbrush.sh
(truthbrush-py3.10) eyamrog@Rog-ASUS:~/work/truthbrush/cl_st1_renata$ bash truthbrush.sh
2024-06-09 16:51:05.469 | WARNING  | truthbrush.api:__check_login:64 - Using token CmH0LuMyHr8ZsQyyMd6FvJTDEBmX96f29qa8ws9rrxU
2024-06-09 16:51:40.803 | WARNING  | truthbrush.api:__check_login:64 - Using token PvyGRx1K0spJroF3LoiKZOJiQyQmP_spLy2GASEGFvA
2024-06-09 16:55:03.698 | WARNING  | truthbrush.api:__check_login:64 - Using token qyW3s-ffz2dmVdFNrBtEzJ4EKTSsU0ufD27OMgsWW4k
2024-06-09 16:55:49.579 | WARNING  | truthbrush.api:__check_login:64 - Using token vLtElbdRqmg_yRt7oZ12X_gJy8bKXrPLjsZjcRVz_Nc
2024-06-09 16:56:00.650 | WARNING  | truthbrush.api:__check_login:64 - Using token w0IdTgSQZ-QkJeDLLyE5TCsYmZJnlNSr99TIObR0nXw
2024-06-09 16:56:15.019 | WARNING  | truthbrush.api:__check_login:64 - Using token 9iVWfHilyaW8UFMdfCzbL0wE8nlStJJBnO2KOjjyWFo
2024-06-09 16:56:17.623 | WARNING  | truthbrush.api:__check_login:64 - Using token TcMp13IplGU9-q7oPLgRqeaqu8HfmjKn2qx5fjpTcgA
2024-06-09 16:56:56.292 | WARNING  | truthbrush.api:__check_login:64 - Using token HaecUZ8kQcf1qIu4qy2nRfxMiIPUA-AuyFu7Eip79Fg
2024-06-09 17:02:52.046 | WARNING  | truthbrush.api:__check_login:64 - Using token wk4u57vYZ_UULkjL3CsXN23bQR0S3Ir4h-d4G0CC1jw
2024-06-09 17:03:13.943 | WARNING  | truthbrush.api:__check_login:64 - Using token 1NAu7JkoE-_Y6PuK7atgXSXFO6ilWnwyfdtjVWoey8I
2024-06-09 17:03:23.042 | WARNING  | truthbrush.api:__check_login:64 - Using token fhnpDJv7-l6gjkNhNZG9ehPaazMiCClEoLxeIT9Ex58
2024-06-09 17:10:07.417 | WARNING  | truthbrush.api:__check_login:64 - Using token BrEielsBQmjbB4fKPZtvYBAH7iFXiLVP1mD0R7ywWWw
2024-06-09 17:10:16.039 | WARNING  | truthbrush.api:__check_login:64 - Using token mwwWahIscrT6ezGamW8wZRkAmGqdlgQ7S3ITkNj3vA0
2024-06-09 17:10:17.498 | WARNING  | truthbrush.api:__check_login:64 - Using token boW8AmDK641aApEfapzchE3fMOdJO8IlcmkYCWiMNMs
2024-06-09 17:10:20.806 | WARNING  | truthbrush.api:__check_login:64 - Using token 5sr2daGeqwOsD7gJ2iaUz8kxizRERfGvPAxExCqvc1s
2024-06-09 17:14:40.522 | WARNING  | truthbrush.api:__check_login:64 - Using token Pyj27WPIOm6PwAtyO0IQOaOe_-k57U4S6fjnmACPO4U
2024-06-09 17:26:42.052 | WARNING  | truthbrush.api:__check_login:64 - Using token Nv2YY0PQ9vUUz-3ajNi7sMhx6SC1BezaAC6ONxbaSz0
2024-06-09 17:39:07.163 | WARNING  | truthbrush.api:__check_login:64 - Using token cL78yp4u6gYcze1WVXxI07hS-Pz0JNPR_8XnYndVw7A
2024-06-09 17:53:36.733 | ERROR    | truthbrush.api:pull_statuses:358 - Misc. error while pulling statuses for 107814273983601303: Failed to perform, curl: (6) Could not resolve host: truthsocial.com. See https://curl.se/libcurl/c/libcurl-errors.html first for more details.
2024-06-09 17:53:37.369 | WARNING  | truthbrush.api:__check_login:64 - Using token 51O-hHHebngrV4kIa9zy8NlroX5enexHBcx-8nmSliQ
2024-06-09 17:53:39.208 | WARNING  | truthbrush.api:__check_login:64 - Using token pGRv6hb8nOuF_l9pmlyEDwzhBcHItPTOGcA7Pwgua7s
2024-06-09 17:57:30.501 | WARNING  | truthbrush.api:__check_login:64 - Using token Y6mlDpHF3h09YWKJB7zQ7-Qq8PTLMkVmZIKmJTPEWKI
2024-06-09 17:57:41.146 | WARNING  | truthbrush.api:__check_login:64 - Using token d5vFkkVwpUy5J8CbDK-FWvA5OpFcMdoe8mjlf3wNah8
2024-06-09 17:57:42.635 | WARNING  | truthbrush.api:__check_login:64 - Using token b5mBV3c9zUvoxPAvn9S7_2MGf1joe3AxfJ_tHp8yYCg
2024-06-09 18:00:12.887 | WARNING  | truthbrush.api:__check_login:64 - Using token C8jCLWtTA9uRUsbh0_aAXhurgpt506WztXvVXRDiNcc
2024-06-09 18:00:39.558 | WARNING  | truthbrush.api:__check_login:64 - Using token m3aicDeNtI2NLv3MTpWCXg4P4FGiQERKnPxaIw4i8tI
2024-06-09 18:00:47.238 | WARNING  | truthbrush.api:__check_login:64 - Using token nbok3AI9sbDhEOFmULKU8U4RY9YMCedz4vJzwIRO3_k
2024-06-09 18:14:37.919 | WARNING  | truthbrush.api:__check_login:64 - Using token NtAp7hoVT-nnYZ4KJ4AiwnpiWowFyM_HFzQr24sn40k
2024-06-09 18:23:53.520 | WARNING  | truthbrush.api:__check_login:64 - Using token NP059dVCvO9fjAeoIQanbuR-Gvqs4nxPVoaPksOOGh8
2024-06-09 18:31:53.723 | WARNING  | truthbrush.api:__check_login:64 - Using token INWBHDKBdJ2P0fBJoD28l3GhpTYdQD7DCHUaF5-dL_o
2024-06-09 18:32:41.896 | WARNING  | truthbrush.api:__check_login:64 - Using token 7sW7LuNJpSr75MVPEJoLwe2tVvQiu2EuLI0txeYIWn8
2024-06-09 18:32:50.984 | WARNING  | truthbrush.api:__check_login:64 - Using token 1tsOCWos5nxBPiO4JoT_l5KlUIDHQpH6pD2cJ-jdEUU
2024-06-09 18:39:07.720 | WARNING  | truthbrush.api:__check_login:64 - Using token GBE6MB9ZowecqdnU4a69T5fqeuYkSSFU-lxg20qtgDw
2024-06-09 18:39:41.240 | WARNING  | truthbrush.api:__check_login:64 - Using token rv7N-ZuJH8yX2gJihBmvtFlUgJ_CoU4584SzHYX99RA
2024-06-09 18:40:48.935 | WARNING  | truthbrush.api:__check_login:64 - Using token sNSwKpBtMpMLlGgPfi1nv8RheZS_OLA2DBZKUxWOuKw
2024-06-09 18:42:06.615 | WARNING  | truthbrush.api:__check_login:64 - Using token 140k4ZgDHL_9cxtn27FkNbxje0hxskfNvDzArWUJB4E
2024-06-09 18:42:16.809 | WARNING  | truthbrush.api:__check_login:64 - Using token UX3rwG79YRJ-eV6S8Jk_eoi3ZnQCGLC6s3PHjqMZyrA
2024-06-09 18:43:01.429 | WARNING  | truthbrush.api:__check_login:64 - Using token aceUwp1fXSjLgUh7J_xD0aKmWVPo_LYi8PGMseLlyME
2024-06-09 18:43:06.549 | WARNING  | truthbrush.api:__check_login:64 - Using token C8dFkQI21uvOD5LIzm5avv74MYrAJYfDKZjZ5FIydys
2024-06-09 18:43:38.220 | WARNING  | truthbrush.api:__check_login:64 - Using token SfGdYdn0phSoANq4ulL0y6yKXMooB0dXsfPKi7eg7c8
2024-06-09 18:55:06.763 | WARNING  | truthbrush.api:__check_login:64 - Using token TC9Xxax0lTD5JfXxWZbhjKSBdC5lSJCrNNognqOf4uU
2024-06-09 18:55:11.877 | WARNING  | truthbrush.api:__check_login:64 - Using token Gkd13a6o7fZVd2Jz4b-d-yKwrx27GT6WU6mxY0pZsAU
2024-06-09 18:55:15.457 | WARNING  | truthbrush.api:__check_login:64 - Using token KecuUnre7PIAQ7D9GYj0WQ2qVi-kCBVV1F2RpOcus6o
2024-06-09 18:55:44.547 | WARNING  | truthbrush.api:__check_login:64 - Using token I9muOoEv4Tcy_bT4Lzsv3fk3DIrWf9U0DeR9kuxpyTs
2024-06-09 18:55:46.036 | WARNING  | truthbrush.api:__check_login:64 - Using token qKBBD2ck8_fjnH_554CFceT-qECcJDcA4JL701WWVDE
2024-06-09 18:55:52.658 | WARNING  | truthbrush.api:__check_login:64 - Using token SLpxTfyQa-eEX9BD1tYIzpdpm8CElgJe-PWvGuEWmy4
2024-06-09 19:00:02.833 | WARNING  | truthbrush.api:__check_login:64 - Using token yhw65AJF0feTs-QiAXkS0hAHq4XqBy258blHYofzJKQ
2024-06-09 19:03:56.393 | WARNING  | truthbrush.api:__check_login:64 - Using token ETevZYeWcdwSXLhTnBxYuFEMX4st4Tv337LWyzH7E4s
2024-06-09 19:04:01.946 | WARNING  | truthbrush.api:__check_login:64 - Using token ayP78QGu1c8t9ZwHeTLxRItbyn0bjOdEsxmY8OWflCs
2024-06-09 19:04:36.165 | WARNING  | truthbrush.api:__check_login:64 - Using token PAFrDZXIY9IcrZUdQoSkiKRlTl4VszC-Q9okWQ-ABIY
2024-06-09 19:04:38.106 | WARNING  | truthbrush.api:__check_login:64 - Using token p369udi0Zf8E_jkL3yruoTSmj3VXnpwK7GcWu-fmUvk
2024-06-09 19:06:04.845 | WARNING  | truthbrush.api:__check_login:64 - Using token kvhGmWnIHDz8ju8aI-Vo5z46XSh0XMwSGJcQISku1oE
2024-06-09 19:06:07.972 | WARNING  | truthbrush.api:__check_login:64 - Using token 8ZusiEskh-R8pzssHCeWNeg0Qpo93vDEK4PJlTDuSrE
2024-06-09 19:06:12.460 | WARNING  | truthbrush.api:__check_login:64 - Using token LfBvPyUH78YRT_Iwq8a--IczzZmKOC_erYAS0-potrA
2024-06-09 19:06:13.689 | WARNING  | truthbrush.api:__check_login:64 - Using token W_KLhCcHdp4zVFZvh4n7BPRLXfx-RHt1clDSKxuP5QQ
2024-06-09 19:07:07.872 | WARNING  | truthbrush.api:__check_login:64 - Using token 0hl4O3yQmHgkCfeNu5izHHnsj4F19nLY9zFq5yT8n1s
2024-06-09 19:07:26.249 | WARNING  | truthbrush.api:__check_login:64 - Using token C-Q2On3VUWYtt0TfIqIQOQEn1-AUZYaZMt4aUYBqQJc
2024-06-09 19:10:09.913 | WARNING  | truthbrush.api:__check_login:64 - Using token vv0OSP2d433unb9XafRlrYJ3QbFCAJLdqI3YKFyEXoM
2024-06-09 19:10:21.829 | WARNING  | truthbrush.api:__check_login:64 - Using token a0vHM8flO2u3IJo0ifRA2Le9AwvXlmAMc_Nm_daC5as
2024-06-09 19:10:37.316 | WARNING  | truthbrush.api:__check_login:64 - Using token PyyD4yumHFxMl6jYaS2nkvIlB-Nk9Lx8oZ5JJooyjFI
2024-06-09 19:10:41.800 | WARNING  | truthbrush.api:__check_login:64 - Using token omEBPy93sYy3bQTia1-2mJ7sv2XN8Xo2TMgCI9NCTbA
2024-06-09 19:10:49.125 | WARNING  | truthbrush.api:__check_login:64 - Using token aYjNWi1aScoDER9Wr54tkiOx2z0_V8lOKoE6THeAt1s
2024-06-09 19:10:53.716 | WARNING  | truthbrush.api:__check_login:64 - Using token dy8UF083xsSBvYa3aZ0ms9zLRthjVgvq4vGJetbrL7c
2024-06-09 19:14:20.463 | WARNING  | truthbrush.api:__check_login:64 - Using token 0pqUTVw5V34OVH3ZJ_ueyOc8tnDVyVVFCM7M1sSFgeM
2024-06-09 19:14:23.603 | WARNING  | truthbrush.api:__check_login:64 - Using token 1RQNBgizJyKZcf86zS7E5DP2-lWl-JUnp35s6TYvirI
2024-06-09 19:14:49.021 | WARNING  | truthbrush.api:__check_login:64 - Using token g-41KCDElCzyvv0zrlWSTWkeZ4ORY4rhTQG0gEgqbNE
2024-06-09 19:15:31.177 | WARNING  | truthbrush.api:__check_login:64 - Using token UwZ35Vkf5P2biRwIpq5YUhYceOOSgFQLcq6pmWbLwbA
2024-06-09 19:18:46.106 | WARNING  | truthbrush.api:__check_login:64 - Using token b6PTl9Xxslz2RoiTOSDwAICDMryBP4VhItbWgn61Aek
2024-06-09 19:18:50.833 | WARNING  | truthbrush.api:__check_login:64 - Using token soSp2KuzyLJUeXxxuSJl-Bue1vhQOHd2HVtfGQobFRg
2024-06-09 19:28:03.990 | WARNING  | truthbrush.api:__check_login:64 - Using token Cz28rQZzrWUdq6IeIlQtgD1LjQOQMyVO64QrDob_V-Q
2024-06-09 19:28:29.483 | WARNING  | truthbrush.api:__check_login:64 - Using token iFvrDGe6J0IDOicqnIuxgnGrkJE0sXcyTnFYW5MYzyo
2024-06-09 19:29:10.611 | WARNING  | truthbrush.api:__check_login:64 - Using token Ahyc7mijtoWDr2nR-AL7svAnMc-nHxNeC7TMy31y568
2024-06-09 19:31:39.370 | WARNING  | truthbrush.api:__check_login:64 - Using token if-y8r2J_m9C1i0-wNQRQ4LoGUDb24ehiO1tUK9lEXY
2024-06-09 19:34:31.270 | WARNING  | truthbrush.api:__check_login:64 - Using token w45_ekg11ZuuXn9CfBHS4d58XLftowBTgkBVjSuJ5ZQ
2024-06-09 19:34:35.253 | WARNING  | truthbrush.api:__check_login:64 - Using token J4XywRRIWDKwWdzx5cpr7XBOKAWqpwnsERJ0YxwL4gI
2024-06-09 19:36:01.875 | WARNING  | truthbrush.api:__check_login:64 - Using token 2XQqX84pwCu8UqbrnrDaCwpJM5xBqJhSa6a4_nnIrBU
2024-06-09 19:42:52.856 | WARNING  | truthbrush.api:__check_login:64 - Using token 7T92-iQnCQ97UdKyOO6y2zp7XfaNLfRXUQB5LViP29g
2024-06-09 19:45:03.055 | WARNING  | truthbrush.api:__check_login:64 - Using token _ULonM33u17sZXa0dEuiDVVCCeOQ6Hr-GpT7VOgaUrY
2024-06-09 19:45:29.095 | WARNING  | truthbrush.api:__check_login:64 - Using token v1VNRTeYbvqCWDudHfv1SdzmBk93CJxIFjskHvPpwQo
2024-06-09 19:45:52.676 | WARNING  | truthbrush.api:__check_login:64 - Using token Q2v0W1cTXtEFLSBSfQYWdM_XlsdYpOCAfjzQ0rU1Ryw
2024-06-09 19:53:06.506 | WARNING  | truthbrush.api:__check_login:64 - Using token UgUyWO0xxThMr-mkYzv2nd0GvMI3Ocb2f41DG5zBRuI
2024-06-09 19:55:31.543 | WARNING  | truthbrush.api:__check_login:64 - Using token YlV3R3glSyAxe8jqaeJWLLuaKhZBqe1kIwtKxnUv2BA
2024-06-09 20:06:03.454 | WARNING  | truthbrush.api:__check_login:64 - Using token tgGGd4oM2uVKnOMrfyUhixnFKnXkObXqXdESgUJbbtc
2024-06-09 20:07:05.460 | ERROR    | truthbrush.api:pull_statuses:358 - Misc. error while pulling statuses for 108431748923102889: Failed to perform, curl: (35) Recv failure: Connection reset by peer. See https://curl.se/libcurl/c/libcurl-errors.html first for more details.
2024-06-09 20:07:06.092 | WARNING  | truthbrush.api:__check_login:64 - Using token OTsQz5vo4r1PYLKn3zZB7ojz6WO77doJDoKV6MTMgH0
2024-06-09 20:07:08.377 | WARNING  | truthbrush.api:__check_login:64 - Using token v5eWUp720MhjpialMUB3JfeLWywKbKw_vtEKxcjTE1c
2024-06-09 20:07:16.710 | WARNING  | truthbrush.api:__check_login:64 - Using token vBqoNp8f-vGZ3BfQPMfZgzjw0K6prccUKulcIisJjFE
2024-06-09 20:08:12.223 | WARNING  | truthbrush.api:__check_login:64 - Using token -bnoePhLEe949jOkALrN1FnaeusJ80QxlucrzSu3BYU
2024-06-09 20:08:18.575 | WARNING  | truthbrush.api:__check_login:64 - Using token wuyT8eVGDDiRNhHTB7ex3et9PYWgMDKMGxeAXExE-Vk
2024-06-09 20:09:43.396 | WARNING  | truthbrush.api:__check_login:64 - Using token 6YchZ4_DnN_IeLRcdMVov8aNa7wpotasgOt3x-AgZRM
2024-06-09 20:10:19.138 | WARNING  | truthbrush.api:__check_login:64 - Using token Ti0Hy0m7DppP5P7w1cAWfafZNOe271gcUMqLDBG60S8
2024-06-09 20:11:30.416 | WARNING  | truthbrush.api:__check_login:64 - Using token rIsgLw5qodIONHjDuS_qUm9lHVgzd-xCgI4-tTWbmnU
2024-06-09 20:11:44.323 | WARNING  | truthbrush.api:__check_login:64 - Using token Duga52_wrt_6E3OkF_3O7flxf1LuVRekbBwsh6Rh3tI
2024-06-09 20:12:20.868 | WARNING  | truthbrush.api:__check_login:64 - Using token 5N3qYn-e8H5lCMKrZMGu2fDGsrbaf4D5O5au9QoA5W4
2024-06-09 20:12:25.586 | WARNING  | truthbrush.api:__check_login:64 - Using token OhQkGdidITFUux_Hjguy5fpGS94NodJzWmEl7gs8WOE
2024-06-09 20:14:42.577 | WARNING  | truthbrush.api:__check_login:64 - Using token 2fzbetE8TuepNzr3MpJ6tCNCpLgHxaJncR8TJ2TKy-M
2024-06-09 20:17:20.054 | WARNING  | truthbrush.api:__check_login:64 - Using token 1Xq7Gx9ABo6IokyAi0lJTGAb2-nVcFxZbZPaoSfTqvM
2024-06-09 20:19:42.384 | WARNING  | truthbrush.api:__check_login:64 - Using token jgoodJ4h8qMH1f1HOtCy3OLCIfs3dMi7anjPI4Vvmm8
2024-06-09 20:26:08.293 | WARNING  | truthbrush.api:__check_login:64 - Using token KQwP1EY5hZPruEwFqp1ns9B5yWmZv97T0M4s6K1BOyg
2024-06-09 20:34:16.053 | WARNING  | truthbrush.api:__check_login:64 - Using token jPf_c0TezQhCr5F2vCgVparRNRxDHhik1XWmYQFUL7E
2024-06-09 20:54:44.347 | WARNING  | truthbrush.api:__check_login:64 - Using token eKA4OSabhB0WgZ2CkItCCq9FU0sV5NzmBGX7VbAxRy0
2024-06-09 20:58:50.363 | WARNING  | truthbrush.api:__check_login:64 - Using token IyJOTO5lrtEC6fXZDKqg-YRFvsqcpq2DQm_Bmvs1QuY
(truthbrush-py3.10) eyamrog@Rog-ASUS:~/work/truthbrush/cl_st1_renata$